<?xml version="1.0" encoding="UTF-8"?>
<!-- Generated by org.testng.reporters.JUnitXMLReporter -->
<testsuite hostname="DanielSchonfeldMac.local" ignored="0" name="Default test" tests="3" failures="0" timestamp="29 Aug 2017 19:00:19 GMT" time="4.924" errors="0">
  <testcase name="invalidLoginTest" time="1.904" classname="testSuites.TestLogin"/>
  <testcase name="invalidLoginTest" time="0.654" classname="testSuites.TestLogin"/>
  <testcase name="loginTest" time="1.077" classname="testSuites.TestLogin"/>
</testsuite> <!-- Default test -->
